<?xml version="1.0" encoding="UTF-8"?>
<testsuite name="com.restapiexample.dummy.cucumber.EmployeeTestRunner" time="0.955" tests="18" errors="0" skipped="2" failures="4">
  <properties>
[...]
</properties>
  <testcase name="When I sends the Post Request for create the Employee Data" classname="Scenario: Create a new Employee data &amp; verify if the Employee is added" time="0"/>
  <testcase name="And I insert the name, salary,age,employee_name,employee_salary,employee_age," classname="Scenario: Create a new Employee data &amp; verify if the Employee is added" time="0"/>
  <testcase name="Then I verify the status code 200 for Employee data" classname="Scenario: Create a new Employee data &amp; verify if the Employee is added" time="0"/>
  <testcase name="And I get the id of new created Employee data" classname="Scenario: Create a new Employee data &amp; verify if the Employee is added" time="0"/>
  <testcase name="Scenario: Create a new Employee data &amp; verify if the Employee is added" classname="Scenario: Create a new Employee data &amp; verify if the Employee is added" time="0.92"/>
  <testcase name="When I sends a GET request for fatching Employee data by given ID" classname="Scenario: Verify the Employee data are successfully created" time="0"/>
  <testcase name="Then I verify the name is for created record for Employee" classname="Scenario: Verify the Employee data are successfully created" time="0"/>
  <testcase name="Scenario: Verify the Employee data are successfully created" classname="Scenario: Verify the Employee data are successfully created" time="0.031"/>
  <testcase name="When I send the Put Request for updating the Employee data" classname="Scenario: Update the Employee data for given ID" time="0"/>
  <testcase name="And I update the profile_image" classname="Scenario: Update the Employee data for given ID" time="0">
    <failure message="1 expectation failed.&#10;Expected status code &lt;200&gt; but was &lt;429&gt;.&#10;" type="java.lang.AssertionError"><![CDATA[java.lang.AssertionError: 1 expectation failed.
Expected status code <200> but was <429>.

	at sun.reflect.NativeConstructorAccessorImpl.newInstance0(Native Method)
	at sun.reflect.NativeConstructorAccessorImpl.newInstance(NativeConstructorAccessorImpl.java:62)
	at sun.reflect.DelegatingConstructorAccessorImpl.newInstance(DelegatingConstructorAccessorImpl.java:45)
	at java.lang.reflect.Constructor.newInstance(Constructor.java:423)
	at org.codehaus.groovy.reflection.CachedConstructor.invoke(CachedConstructor.java:83)
	at org.codehaus.groovy.reflection.CachedConstructor.doConstructorInvoke(CachedConstructor.java:77)
	at org.codehaus.groovy.runtime.callsite.ConstructorSite$ConstructorSiteNoUnwrap.callConstructor(ConstructorSite.java:84)
	at org.codehaus.groovy.runtime.callsite.CallSiteArray.defaultCallConstructor(CallSiteArray.java:60)
	at org.codehaus.groovy.runtime.callsite.AbstractCallSite.callConstructor(AbstractCallSite.java:235)
	at org.codehaus.groovy.runtime.callsite.AbstractCallSite.callConstructor(AbstractCallSite.java:247)
	at io.restassured.internal.ResponseSpecificationImpl$HamcrestAssertionClosure.validate(ResponseSpecificationImpl.groovy:471)
	at io.restassured.internal.ResponseSpecificationImpl$HamcrestAssertionClosure$validate$1.call(Unknown Source)
	at io.restassured.internal.ResponseSpecificationImpl.validateResponseIfRequired(ResponseSpecificationImpl.groovy:636)
	at sun.reflect.NativeMethodAccessorImpl.invoke0(Native Method)
	at sun.reflect.NativeMethodAccessorImpl.invoke(NativeMethodAccessorImpl.java:62)
	at sun.reflect.DelegatingMethodAccessorImpl.invoke(DelegatingMethodAccessorImpl.java:43)
	at java.lang.reflect.Method.invoke(Method.java:498)
	at org.codehaus.groovy.runtime.callsite.PogoMetaMethodSite$PogoCachedMethodSiteNoUnwrapNoCoerce.invoke(PogoMetaMethodSite.java:210)
	at org.codehaus.groovy.runtime.callsite.PogoMetaMethodSite.callCurrent(PogoMetaMethodSite.java:59)
	at org.codehaus.groovy.runtime.callsite.AbstractCallSite.callCurrent(AbstractCallSite.java:166)
	at io.restassured.internal.ResponseSpecificationImpl.statusCode(ResponseSpecificationImpl.groovy:122)
	at io.restassured.specification.ResponseSpecification$statusCode$0.callCurrent(Unknown Source)
	at io.restassured.internal.ResponseSpecificationImpl.statusCode(ResponseSpecificationImpl.groovy:130)
	at io.restassured.internal.ValidatableResponseOptionsImpl.statusCode(ValidatableResponseOptionsImpl.java:117)
	at com.restapiexample.dummy.cucumber.steps.MyStepdefs.iUpdateTheProfile_image(MyStepdefs.java:60)
	at ✽.And I update the profile_image(employee.feature:15)
]]></failure>
    <system-out><![CDATA[HTTP/1.1 429 Too Many Requests
Content-Encoding: gzip
Content-Type: text/html; charset=UTF-8
Date: Tue, 21 Jun 2022 05:49:07 GMT
Display: staticcontent_sol
Expires: Mon, 20 Jun 2022 05:49:07 GMT
Host-Header: c2hhcmVkLmJsdWVob3N0LmNvbQ==
Pagespeed: off
Response: 429
Retry-After: 21
Server: nginx
Vary: Accept-Encoding
Vary: Accept-Encoding,Origin
X-Endurance-Cache-Level: 2
X-Ezoic-Cdn: Miss
X-Middleton-Display: staticcontent_sol
X-Middleton-Response: 429
X-Nginx-Cache: WordPress
X-Origin-Cache-Control: no-cache, private
X-Ratelimit-Limit: 60
X-Ratelimit-Remaining: 56
X-Ratelimit-Reset: 1655790568
X-Sol: pub_site
Content-Length: 588

<html lang="en">
  <head>
    <meta charset="utf-8"/>
    <meta name="viewport" content="width=device-width, initial-scale=1"/>
    <title>Too Many Requests</title>
    <link rel="dns-prefetch" href="//fonts.gstatic.com"/>
    <link href="https://fonts.googleapis.com/css?family=Nunito" rel="stylesheet"/>
    <style>
            html, body {
                background-color: #fff;
                color: #636b6f;
                font-family: 'Nunito', sans-serif;
                font-weight: 100;
                height: 100vh;
                margin: 0;
            }

            .full-height {
                height: 100vh;
            }

            .flex-center {
                align-items: center;
                display: flex;
                justify-content: center;
            }

            .position-ref {
                position: relative;
            }

            .code {
                border-right: 2px solid;
                font-size: 26px;
                padding: 0 15px 0 15px;
                text-align: center;
            }

            .message {
                font-size: 18px;
                text-align: center;
            }
        </style>
  </head>
  <body>
    <div class="flex-center position-ref full-height">
      <div class="code">
                429            </div>
      <div class="message" style="padding: 10px;">
                Too Many Requests            </div>
    </div>
  </body>
</html>
]]></system-out>
  </testcase>
  <testcase name="Scenario: Update the Employee data for given ID" classname="Scenario: Update the Employee data for given ID" time="0">
    <failure message="1 expectation failed.&#10;Expected status code &lt;200&gt; but was &lt;429&gt;.&#10;" type="java.lang.AssertionError"><![CDATA[java.lang.AssertionError: 1 expectation failed.
Expected status code <200> but was <429>.

	at sun.reflect.NativeConstructorAccessorImpl.newInstance0(Native Method)
	at sun.reflect.NativeConstructorAccessorImpl.newInstance(NativeConstructorAccessorImpl.java:62)
	at sun.reflect.DelegatingConstructorAccessorImpl.newInstance(DelegatingConstructorAccessorImpl.java:45)
	at java.lang.reflect.Constructor.newInstance(Constructor.java:423)
	at org.codehaus.groovy.reflection.CachedConstructor.invoke(CachedConstructor.java:83)
	at org.codehaus.groovy.reflection.CachedConstructor.doConstructorInvoke(CachedConstructor.java:77)
	at org.codehaus.groovy.runtime.callsite.ConstructorSite$ConstructorSiteNoUnwrap.callConstructor(ConstructorSite.java:84)
	at org.codehaus.groovy.runtime.callsite.CallSiteArray.defaultCallConstructor(CallSiteArray.java:60)
	at org.codehaus.groovy.runtime.callsite.AbstractCallSite.callConstructor(AbstractCallSite.java:235)
	at org.codehaus.groovy.runtime.callsite.AbstractCallSite.callConstructor(AbstractCallSite.java:247)
	at io.restassured.internal.ResponseSpecificationImpl$HamcrestAssertionClosure.validate(ResponseSpecificationImpl.groovy:471)
	at io.restassured.internal.ResponseSpecificationImpl$HamcrestAssertionClosure$validate$1.call(Unknown Source)
	at io.restassured.internal.ResponseSpecificationImpl.validateResponseIfRequired(ResponseSpecificationImpl.groovy:636)
	at sun.reflect.NativeMethodAccessorImpl.invoke0(Native Method)
	at sun.reflect.NativeMethodAccessorImpl.invoke(NativeMethodAccessorImpl.java:62)
	at sun.reflect.DelegatingMethodAccessorImpl.invoke(DelegatingMethodAccessorImpl.java:43)
	at java.lang.reflect.Method.invoke(Method.java:498)
	at org.codehaus.groovy.runtime.callsite.PogoMetaMethodSite$PogoCachedMethodSiteNoUnwrapNoCoerce.invoke(PogoMetaMethodSite.java:210)
	at org.codehaus.groovy.runtime.callsite.PogoMetaMethodSite.callCurrent(PogoMetaMethodSite.java:59)
	at org.codehaus.groovy.runtime.callsite.AbstractCallSite.callCurrent(AbstractCallSite.java:166)
	at io.restassured.internal.ResponseSpecificationImpl.statusCode(ResponseSpecificationImpl.groovy:122)
	at io.restassured.specification.ResponseSpecification$statusCode$0.callCurrent(Unknown Source)
	at io.restassured.internal.ResponseSpecificationImpl.statusCode(ResponseSpecificationImpl.groovy:130)
	at io.restassured.internal.ValidatableResponseOptionsImpl.statusCode(ValidatableResponseOptionsImpl.java:117)
	at com.restapiexample.dummy.cucumber.steps.MyStepdefs.iUpdateTheProfile_image(MyStepdefs.java:60)
	at ✽.And I update the profile_image(employee.feature:15)
]]></failure>
  </testcase>
  <testcase name="Then I verify the status code 200 for update Employee data" classname="Scenario: Update the Employee data for given ID" time="0">
    <skipped/>
  </testcase>
  <testcase name="And I verify the name for updating the Employee data" classname="Scenario: Update the Employee data for given ID" time="0">
    <skipped/>
  </testcase>
  <testcase name="When I sends the Delete Request for deleting the Employee  given ID" classname="Scenario: Delete the Prodct data for given ID &amp; verify the record are deleted successfully" time="0"/>
  <testcase name="Then I verify the status code 200 for delete Employee data" classname="Scenario: Delete the Prodct data for given ID &amp; verify the record are deleted successfully" time="0"/>
  <testcase name="And I get the data for deleted record ID for Employee data" classname="Scenario: Delete the Prodct data for given ID &amp; verify the record are deleted successfully" time="0"/>
  <testcase name="And I verify the status code 404 for verifing the delete record" classname="Scenario: Delete the Prodct data for given ID &amp; verify the record are deleted successfully" time="0.002">
    <failure message="1 expectation failed.&#10;Expected status code &lt;404&gt; but was &lt;200&gt;.&#10;" type="java.lang.AssertionError"><![CDATA[java.lang.AssertionError: 1 expectation failed.
Expected status code <404> but was <200>.

	at sun.reflect.NativeConstructorAccessorImpl.newInstance0(Native Method)
	at sun.reflect.NativeConstructorAccessorImpl.newInstance(NativeConstructorAccessorImpl.java:62)
	at sun.reflect.DelegatingConstructorAccessorImpl.newInstance(DelegatingConstructorAccessorImpl.java:45)
	at java.lang.reflect.Constructor.newInstance(Constructor.java:423)
	at org.codehaus.groovy.reflection.CachedConstructor.invoke(CachedConstructor.java:83)
	at org.codehaus.groovy.reflection.CachedConstructor.doConstructorInvoke(CachedConstructor.java:77)
	at org.codehaus.groovy.runtime.callsite.ConstructorSite$ConstructorSiteNoUnwrap.callConstructor(ConstructorSite.java:84)
	at org.codehaus.groovy.runtime.callsite.AbstractCallSite.callConstructor(AbstractCallSite.java:247)
	at io.restassured.internal.ResponseSpecificationImpl$HamcrestAssertionClosure.validate(ResponseSpecificationImpl.groovy:471)
	at io.restassured.internal.ResponseSpecificationImpl$HamcrestAssertionClosure$validate$1.call(Unknown Source)
	at io.restassured.internal.ResponseSpecificationImpl.validateResponseIfRequired(ResponseSpecificationImpl.groovy:636)
	at sun.reflect.NativeMethodAccessorImpl.invoke0(Native Method)
	at sun.reflect.NativeMethodAccessorImpl.invoke(NativeMethodAccessorImpl.java:62)
	at sun.reflect.DelegatingMethodAccessorImpl.invoke(DelegatingMethodAccessorImpl.java:43)
	at java.lang.reflect.Method.invoke(Method.java:498)
	at org.codehaus.groovy.runtime.callsite.PogoMetaMethodSite$PogoCachedMethodSiteNoUnwrapNoCoerce.invoke(PogoMetaMethodSite.java:210)
	at org.codehaus.groovy.runtime.callsite.PogoMetaMethodSite.callCurrent(PogoMetaMethodSite.java:59)
	at org.codehaus.groovy.runtime.callsite.AbstractCallSite.callCurrent(AbstractCallSite.java:166)
	at io.restassured.internal.ResponseSpecificationImpl.statusCode(ResponseSpecificationImpl.groovy:122)
	at io.restassured.specification.ResponseSpecification$statusCode$0.callCurrent(Unknown Source)
	at io.restassured.internal.ResponseSpecificationImpl.statusCode(ResponseSpecificationImpl.groovy:130)
	at io.restassured.internal.ValidatableResponseOptionsImpl.statusCode(ValidatableResponseOptionsImpl.java:117)
	at com.restapiexample.dummy.cucumber.steps.MyStepdefs.iVerifyTheStatusCodeForVerifingTheDeleteRecord(MyStepdefs.java:88)
	at ✽.And I verify the status code 404 for verifing the delete record(employee.feature:23)
]]></failure>
    <system-out><![CDATA[HTTP/1.1 200 OK
Cache-Control: no-cache, private, max-age=21600
Content-Type: application/json
Date: Tue, 21 Jun 2022 05:49:09 GMT
Display: staticcontent_sol
Expires: Tue, 21 Jun 2022 11:49:09 GMT
Host-Header: c2hhcmVkLmJsdWVob3N0LmNvbQ==
Response: 200
Server: nginx
Vary: Accept-Encoding
Vary: Accept-Encoding,User-Agent,Origin
X-Endurance-Cache-Level: 2
X-Ezoic-Cdn: Miss
X-Middleton-Display: staticcontent_sol
X-Middleton-Response: 200
X-Nginx-Cache: WordPress
X-Origin-Cache-Control: no-cache, private
X-Ratelimit-Limit: 60
X-Ratelimit-Remaining: 58
X-Server-Cache: false
X-Sol: pub_site
Content-Length: 83

{
    "status": "success",
    "data": null,
    "message": "Successfully! Record has been fetched."
}
]]></system-out>
  </testcase>
  <testcase name="Scenario: Delete the Prodct data for given ID &amp; verify the record are deleted successfully" classname="Scenario: Delete the Prodct data for given ID &amp; verify the record are deleted successfully" time="0.002">
    <failure message="1 expectation failed.&#10;Expected status code &lt;404&gt; but was &lt;200&gt;.&#10;" type="java.lang.AssertionError"><![CDATA[java.lang.AssertionError: 1 expectation failed.
Expected status code <404> but was <200>.

	at sun.reflect.NativeConstructorAccessorImpl.newInstance0(Native Method)
	at sun.reflect.NativeConstructorAccessorImpl.newInstance(NativeConstructorAccessorImpl.java:62)
	at sun.reflect.DelegatingConstructorAccessorImpl.newInstance(DelegatingConstructorAccessorImpl.java:45)
	at java.lang.reflect.Constructor.newInstance(Constructor.java:423)
	at org.codehaus.groovy.reflection.CachedConstructor.invoke(CachedConstructor.java:83)
	at org.codehaus.groovy.reflection.CachedConstructor.doConstructorInvoke(CachedConstructor.java:77)
	at org.codehaus.groovy.runtime.callsite.ConstructorSite$ConstructorSiteNoUnwrap.callConstructor(ConstructorSite.java:84)
	at org.codehaus.groovy.runtime.callsite.AbstractCallSite.callConstructor(AbstractCallSite.java:247)
	at io.restassured.internal.ResponseSpecificationImpl$HamcrestAssertionClosure.validate(ResponseSpecificationImpl.groovy:471)
	at io.restassured.internal.ResponseSpecificationImpl$HamcrestAssertionClosure$validate$1.call(Unknown Source)
	at io.restassured.internal.ResponseSpecificationImpl.validateResponseIfRequired(ResponseSpecificationImpl.groovy:636)
	at sun.reflect.NativeMethodAccessorImpl.invoke0(Native Method)
	at sun.reflect.NativeMethodAccessorImpl.invoke(NativeMethodAccessorImpl.java:62)
	at sun.reflect.DelegatingMethodAccessorImpl.invoke(DelegatingMethodAccessorImpl.java:43)
	at java.lang.reflect.Method.invoke(Method.java:498)
	at org.codehaus.groovy.runtime.callsite.PogoMetaMethodSite$PogoCachedMethodSiteNoUnwrapNoCoerce.invoke(PogoMetaMethodSite.java:210)
	at org.codehaus.groovy.runtime.callsite.PogoMetaMethodSite.callCurrent(PogoMetaMethodSite.java:59)
	at org.codehaus.groovy.runtime.callsite.AbstractCallSite.callCurrent(AbstractCallSite.java:166)
	at io.restassured.internal.ResponseSpecificationImpl.statusCode(ResponseSpecificationImpl.groovy:122)
	at io.restassured.specification.ResponseSpecification$statusCode$0.callCurrent(Unknown Source)
	at io.restassured.internal.ResponseSpecificationImpl.statusCode(ResponseSpecificationImpl.groovy:130)
	at io.restassured.internal.ValidatableResponseOptionsImpl.statusCode(ValidatableResponseOptionsImpl.java:117)
	at com.restapiexample.dummy.cucumber.steps.MyStepdefs.iVerifyTheStatusCodeForVerifingTheDeleteRecord(MyStepdefs.java:88)
	at ✽.And I verify the status code 404 for verifing the delete record(employee.feature:23)
]]></failure>
  </testcase>
</testsuite>